android/app/build/intermediates/manifest_merge_blame_file/debug/manifest-merger-blame-debug-report.txt
1<?xml version="1.0" encoding="utf-8"?>
2<manifest xmlns:android="http://schemas.android.com/apk/res/android"
3    package="com.example.wps_stockopname"
4    android:versionCode="1"
5    android:versionName="1.0.0" >
6
7    <uses-sdk
8        android:minSdkVersion="21"
9        android:targetSdkVersion="35" />
10    <!--
11         The INTERNET permission is required for development. Specifically,
12         the Flutter tool needs it to communicate with the running application
13         to allow setting breakpoints, to provide hot reload, etc.
14    -->
15    <uses-permission android:name="android.permission.INTERNET" />
15-->src\debug\AndroidManifest.xml:6:5-66
15-->src\debug\AndroidManifest.xml:6:22-64
16    <uses-permission android:name="android.permission.CAMERA" />
16-->src\main\AndroidManifest.xml:2:5-65
16-->src\main\AndroidManifest.xml:2:22-62
17    <uses-permission android:name="android.permission.VIBRATE" />
17-->src\main\AndroidManifest.xml:3:5-65
17-->src\main\AndroidManifest.xml:3:22-63
18    <uses-permission android:name="android.permission.BLUETOOTH" />
18-->src\main\AndroidManifest.xml:4:5-67
18-->src\main\AndroidManifest.xml:4:22-65
19    <uses-permission android:name="android.permission.BLUETOOTH_ADMIN" />
19-->src\main\AndroidManifest.xml:5:5-73
19-->src\main\AndroidManifest.xml:5:22-71
20    <uses-permission android:name="android.permission.ACCESS_FINE_LOCATION" />
20-->src\main\AndroidManifest.xml:6:5-78
20-->src\main\AndroidManifest.xml:6:22-76
21    <uses-permission android:name="android.permission.ACCESS_COARSE_LOCATION" />
21-->src\main\AndroidManifest.xml:7:5-80
21-->src\main\AndroidManifest.xml:7:22-78
22    <uses-permission android:name="android.permission.ACCESS_BACKGROUND_LOCATION" />
22-->src\main\AndroidManifest.xml:8:5-84
22-->src\main\AndroidManifest.xml:8:22-82
23    <uses-permission android:name="android.permission.BLUETOOTH_SCAN" />
23-->src\main\AndroidManifest.xml:9:5-72
23-->src\main\AndroidManifest.xml:9:22-70
24    <uses-permission android:name="android.permission.BLUETOOTH_CONNECT" />
24-->src\main\AndroidManifest.xml:10:5-75
24-->src\main\AndroidManifest.xml:10:22-73
25
26    <uses-feature
26-->src\main\AndroidManifest.xml:12:5-84
27        android:name="android.hardware.camera"
27-->src\main\AndroidManifest.xml:12:19-57
28        android:required="false" />
28-->src\main\AndroidManifest.xml:12:58-82
29    <uses-feature
29-->src\main\AndroidManifest.xml:13:5-86
30        android:name="android.hardware.bluetooth"
30-->src\main\AndroidManifest.xml:13:19-60
31        android:required="true" />
31-->src\main\AndroidManifest.xml:13:61-84
32    <!--
33 Required to query activities that can process text, see:
34         https://developer.android.com/training/package-visibility and
35         https://developer.android.com/reference/android/content/Intent#ACTION_PROCESS_TEXT.
36
37         In particular, this is used by the Flutter engine in io.flutter.plugin.text.ProcessTextPlugin.
38    -->
39    <queries>
39-->src\main\AndroidManifest.xml:52:5-57:15
40        <intent>
40-->src\main\AndroidManifest.xml:53:9-56:18
41            <action android:name="android.intent.action.PROCESS_TEXT" />
41-->src\main\AndroidManifest.xml:54:13-72
41-->src\main\AndroidManifest.xml:54:21-70
42
43            <data android:mimeType="text/plain" />
43-->src\main\AndroidManifest.xml:55:13-50
43-->src\main\AndroidManifest.xml:55:19-48
44        </intent>
45    </queries>
46
47    <permission
47-->[androidx.core:core:1.13.1] AndroidManifest.xml:22:5-24:47
48        android:name="com.example.wps_stockopname.DYNAMIC_RECEIVER_NOT_EXPORTED_PERMISSION"
48-->[androidx.core:core:1.13.1] AndroidManifest.xml:23:9-81
49        android:protectionLevel="signature" />
49-->[androidx.core:core:1.13.1] AndroidManifest.xml:24:9-44
50
51    <uses-permission android:name="com.example.wps_stockopname.DYNAMIC_RECEIVER_NOT_EXPORTED_PERMISSION" /> <!-- Although the *SdkVersion is captured in gradle build files, this is required for non gradle builds -->
51-->[androidx.core:core:1.13.1] AndroidManifest.xml:26:5-97
51-->[androidx.core:core:1.13.1] AndroidManifest.xml:26:22-94
52    <!-- <uses-sdk android:minSdkVersion="14"/> -->
53    <uses-permission android:name="android.permission.ACCESS_NETWORK_STATE" />
53-->[com.google.android.datatransport:transport-backend-cct:2.3.3] AndroidManifest.xml:25:5-79
53-->[com.google.android.datatransport:transport-backend-cct:2.3.3] AndroidManifest.xml:25:22-76
54
55    <application
56        android:name="android.app.Application"
57        android:appComponentFactory="androidx.core.app.CoreComponentFactory"
57-->[androidx.core:core:1.13.1] AndroidManifest.xml:28:18-86
58        android:debuggable="true"
59        android:extractNativeLibs="true"
60        android:icon="@mipmap/ic_launcher"
61        android:label="WPS Mobile" >
62        <activity
63            android:name="com.example.wps_stockopname.MainActivity"
64            android:configChanges="orientation|keyboardHidden|keyboard|screenSize|smallestScreenSize|locale|layoutDirection|fontScale|screenLayout|density|uiMode"
65            android:exported="true"
66            android:hardwareAccelerated="true"
67            android:launchMode="singleTop"
68            android:taskAffinity=""
69            android:theme="@style/LaunchTheme"
70            android:windowSoftInputMode="adjustResize" >
71
72            <!--
73                 Specifies an Android theme to apply to this Activity as soon as
74                 the Android process has started. This theme is visible to the user
75                 while the Flutter UI initializes. After that, this theme continues
76                 to determine the Window background behind the Flutter UI.
77            -->
78            <meta-data
79                android:name="io.flutter.embedding.android.NormalTheme"
80                android:resource="@style/NormalTheme" />
81
82            <intent-filter>
83                <action android:name="android.intent.action.MAIN" />
84
85                <category android:name="android.intent.category.LAUNCHER" />
86            </intent-filter>
87        </activity>
88        <!--
89             Don't delete the meta-data below.
90             This is used by the Flutter tool to generate GeneratedPluginRegistrant.java
91        -->
92        <meta-data
93            android:name="flutterEmbedding"
94            android:value="2" />
95
96        <provider
96-->[:printing] AndroidManifest.xml:8:9-16:20
97            android:name="net.nfet.flutter.printing.PrintFileProvider"
97-->[:printing] AndroidManifest.xml:9:13-71
98            android:authorities="com.example.wps_stockopname.flutter.printing"
98-->[:printing] AndroidManifest.xml:10:13-68
99            android:exported="false"
99-->[:printing] AndroidManifest.xml:11:13-37
100            android:grantUriPermissions="true" >
100-->[:printing] AndroidManifest.xml:12:13-47
101            <meta-data
101-->[:printing] AndroidManifest.xml:13:13-15:71
102                android:name="android.support.FILE_PROVIDER_PATHS"
102-->[:printing] AndroidManifest.xml:14:17-67
103                android:resource="@xml/flutter_printing_file_paths" />
103-->[:printing] AndroidManifest.xml:15:17-68
104        </provider>
105        <!--
106        Service for holding metadata. Cannot be instantiated.
107        Metadata will be merged from other manifests.
108        -->
109        <service
109-->[androidx.camera:camera-core:1.3.4] AndroidManifest.xml:29:9-33:78
110            android:name="androidx.camera.core.impl.MetadataHolderService"
110-->[androidx.camera:camera-core:1.3.4] AndroidManifest.xml:30:13-75
111            android:enabled="false"
111-->[androidx.camera:camera-core:1.3.4] AndroidManifest.xml:31:13-36
112            android:exported="false" >
112-->[androidx.camera:camera-core:1.3.4] AndroidManifest.xml:32:13-37
113            <meta-data
113-->[androidx.camera:camera-camera2:1.3.4] AndroidManifest.xml:30:13-32:89
114                android:name="androidx.camera.core.impl.MetadataHolderService.DEFAULT_CONFIG_PROVIDER"
114-->[androidx.camera:camera-camera2:1.3.4] AndroidManifest.xml:31:17-103
115                android:value="androidx.camera.camera2.Camera2Config$DefaultProvider" />
115-->[androidx.camera:camera-camera2:1.3.4] AndroidManifest.xml:32:17-86
116        </service>
117        <service
117-->[com.google.android.gms:play-services-mlkit-barcode-scanning:18.3.0] AndroidManifest.xml:9:9-15:19
118            android:name="com.google.mlkit.common.internal.MlKitComponentDiscoveryService"
118-->[com.google.android.gms:play-services-mlkit-barcode-scanning:18.3.0] AndroidManifest.xml:10:13-91
119            android:directBootAware="true"
119-->[com.google.mlkit:common:18.9.0] AndroidManifest.xml:17:13-43
120            android:exported="false" >
120-->[com.google.android.gms:play-services-mlkit-barcode-scanning:18.3.0] AndroidManifest.xml:11:13-37
121            <meta-data
121-->[com.google.android.gms:play-services-mlkit-barcode-scanning:18.3.0] AndroidManifest.xml:12:13-14:85
122                android:name="com.google.firebase.components:com.google.mlkit.vision.barcode.internal.BarcodeRegistrar"
122-->[com.google.android.gms:play-services-mlkit-barcode-scanning:18.3.0] AndroidManifest.xml:13:17-120
123                android:value="com.google.firebase.components.ComponentRegistrar" />
123-->[com.google.android.gms:play-services-mlkit-barcode-scanning:18.3.0] AndroidManifest.xml:14:17-82
124            <meta-data
124-->[com.google.mlkit:vision-common:17.3.0] AndroidManifest.xml:12:13-14:85
125                android:name="com.google.firebase.components:com.google.mlkit.vision.common.internal.VisionCommonRegistrar"
125-->[com.google.mlkit:vision-common:17.3.0] AndroidManifest.xml:13:17-124
126                android:value="com.google.firebase.components.ComponentRegistrar" />
126-->[com.google.mlkit:vision-common:17.3.0] AndroidManifest.xml:14:17-82
127            <meta-data
127-->[com.google.mlkit:common:18.9.0] AndroidManifest.xml:20:13-22:85
128                android:name="com.google.firebase.components:com.google.mlkit.common.internal.CommonComponentRegistrar"
128-->[com.google.mlkit:common:18.9.0] AndroidManifest.xml:21:17-120
129                android:value="com.google.firebase.components.ComponentRegistrar" />
129-->[com.google.mlkit:common:18.9.0] AndroidManifest.xml:22:17-82
130        </service>
131
132        <provider
132-->[com.google.mlkit:common:18.9.0] AndroidManifest.xml:9:9-13:38
133            android:name="com.google.mlkit.common.internal.MlKitInitProvider"
133-->[com.google.mlkit:common:18.9.0] AndroidManifest.xml:10:13-78
134            android:authorities="com.example.wps_stockopname.mlkitinitprovider"
134-->[com.google.mlkit:common:18.9.0] AndroidManifest.xml:11:13-69
135            android:exported="false"
135-->[com.google.mlkit:common:18.9.0] AndroidManifest.xml:12:13-37
136            android:initOrder="99" />
136-->[com.google.mlkit:common:18.9.0] AndroidManifest.xml:13:13-35
137
138        <activity
138-->[com.google.android.gms:play-services-base:18.1.0] AndroidManifest.xml:20:9-22:45
139            android:name="com.google.android.gms.common.api.GoogleApiActivity"
139-->[com.google.android.gms:play-services-base:18.1.0] AndroidManifest.xml:20:19-85
140            android:exported="false"
140-->[com.google.android.gms:play-services-base:18.1.0] AndroidManifest.xml:22:19-43
141            android:theme="@android:style/Theme.Translucent.NoTitleBar" />
141-->[com.google.android.gms:play-services-base:18.1.0] AndroidManifest.xml:21:19-78
142
143        <meta-data
143-->[com.google.android.gms:play-services-basement:18.1.0] AndroidManifest.xml:21:9-23:69
144            android:name="com.google.android.gms.version"
144-->[com.google.android.gms:play-services-basement:18.1.0] AndroidManifest.xml:22:13-58
145            android:value="@integer/google_play_services_version" />
145-->[com.google.android.gms:play-services-basement:18.1.0] AndroidManifest.xml:23:13-66
146
147        <uses-library
147-->[androidx.window:window:1.2.0] AndroidManifest.xml:23:9-25:40
148            android:name="androidx.window.extensions"
148-->[androidx.window:window:1.2.0] AndroidManifest.xml:24:13-54
149            android:required="false" />
149-->[androidx.window:window:1.2.0] AndroidManifest.xml:25:13-37
150        <uses-library
150-->[androidx.window:window:1.2.0] AndroidManifest.xml:26:9-28:40
151            android:name="androidx.window.sidecar"
151-->[androidx.window:window:1.2.0] AndroidManifest.xml:27:13-51
152            android:required="false" />
152-->[androidx.window:window:1.2.0] AndroidManifest.xml:28:13-37
153
154        <provider
154-->[androidx.lifecycle:lifecycle-process:2.7.0] AndroidManifest.xml:24:9-32:20
155            android:name="androidx.startup.InitializationProvider"
155-->[androidx.lifecycle:lifecycle-process:2.7.0] AndroidManifest.xml:25:13-67
156            android:authorities="com.example.wps_stockopname.androidx-startup"
156-->[androidx.lifecycle:lifecycle-process:2.7.0] AndroidManifest.xml:26:13-68
157            android:exported="false" >
157-->[androidx.lifecycle:lifecycle-process:2.7.0] AndroidManifest.xml:27:13-37
158            <meta-data
158-->[androidx.lifecycle:lifecycle-process:2.7.0] AndroidManifest.xml:29:13-31:52
159                android:name="androidx.lifecycle.ProcessLifecycleInitializer"
159-->[androidx.lifecycle:lifecycle-process:2.7.0] AndroidManifest.xml:30:17-78
160                android:value="androidx.startup" />
160-->[androidx.lifecycle:lifecycle-process:2.7.0] AndroidManifest.xml:31:17-49
161            <meta-data
161-->[androidx.profileinstaller:profileinstaller:1.3.1] AndroidManifest.xml:29:13-31:52
162                android:name="androidx.profileinstaller.ProfileInstallerInitializer"
162-->[androidx.profileinstaller:profileinstaller:1.3.1] AndroidManifest.xml:30:17-85
163                android:value="androidx.startup" />
163-->[androidx.profileinstaller:profileinstaller:1.3.1] AndroidManifest.xml:31:17-49
164        </provider>
165
166        <receiver
166-->[androidx.profileinstaller:profileinstaller:1.3.1] AndroidManifest.xml:34:9-52:20
167            android:name="androidx.profileinstaller.ProfileInstallReceiver"
167-->[androidx.profileinstaller:profileinstaller:1.3.1] AndroidManifest.xml:35:13-76
168            android:directBootAware="false"
168-->[androidx.profileinstaller:profileinstaller:1.3.1] AndroidManifest.xml:36:13-44
169            android:enabled="true"
169-->[androidx.profileinstaller:profileinstaller:1.3.1] AndroidManifest.xml:37:13-35
170            android:exported="true"
170-->[androidx.profileinstaller:profileinstaller:1.3.1] AndroidManifest.xml:38:13-36
171            android:permission="android.permission.DUMP" >
171-->[androidx.profileinstaller:profileinstaller:1.3.1] AndroidManifest.xml:39:13-57
172            <intent-filter>
172-->[androidx.profileinstaller:profileinstaller:1.3.1] AndroidManifest.xml:40:13-42:29
173                <action android:name="androidx.profileinstaller.action.INSTALL_PROFILE" />
173-->[androidx.profileinstaller:profileinstaller:1.3.1] AndroidManifest.xml:41:17-91
173-->[androidx.profileinstaller:profileinstaller:1.3.1] AndroidManifest.xml:41:25-88
174            </intent-filter>
175            <intent-filter>
175-->[androidx.profileinstaller:profileinstaller:1.3.1] AndroidManifest.xml:43:13-45:29
176                <action android:name="androidx.profileinstaller.action.SKIP_FILE" />
176-->[androidx.profileinstaller:profileinstaller:1.3.1] AndroidManifest.xml:44:17-85
176-->[androidx.profileinstaller:profileinstaller:1.3.1] AndroidManifest.xml:44:25-82
177            </intent-filter>
178            <intent-filter>
178-->[androidx.profileinstaller:profileinstaller:1.3.1] AndroidManifest.xml:46:13-48:29
179                <action android:name="androidx.profileinstaller.action.SAVE_PROFILE" />
179-->[androidx.profileinstaller:profileinstaller:1.3.1] AndroidManifest.xml:47:17-88
179-->[androidx.profileinstaller:profileinstaller:1.3.1] AndroidManifest.xml:47:25-85
180            </intent-filter>
181            <intent-filter>
181-->[androidx.profileinstaller:profileinstaller:1.3.1] AndroidManifest.xml:49:13-51:29
182                <action android:name="androidx.profileinstaller.action.BENCHMARK_OPERATION" />
182-->[androidx.profileinstaller:profileinstaller:1.3.1] AndroidManifest.xml:50:17-95
182-->[androidx.profileinstaller:profileinstaller:1.3.1] AndroidManifest.xml:50:25-92
183            </intent-filter>
184        </receiver>
185
186        <service
186-->[com.google.android.datatransport:transport-backend-cct:2.3.3] AndroidManifest.xml:29:9-35:19
187            android:name="com.google.android.datatransport.runtime.backends.TransportBackendDiscovery"
187-->[com.google.android.datatransport:transport-backend-cct:2.3.3] AndroidManifest.xml:30:13-103
188            android:exported="false" >
188-->[com.google.android.datatransport:transport-backend-cct:2.3.3] AndroidManifest.xml:31:13-37
189            <meta-data
189-->[com.google.android.datatransport:transport-backend-cct:2.3.3] AndroidManifest.xml:32:13-34:39
190                android:name="backend:com.google.android.datatransport.cct.CctBackendFactory"
190-->[com.google.android.datatransport:transport-backend-cct:2.3.3] AndroidManifest.xml:33:17-94
191                android:value="cct" />
191-->[com.google.android.datatransport:transport-backend-cct:2.3.3] AndroidManifest.xml:34:17-36
192        </service>
193        <service
193-->[com.google.android.datatransport:transport-runtime:2.2.6] AndroidManifest.xml:26:9-30:19
194            android:name="com.google.android.datatransport.runtime.scheduling.jobscheduling.JobInfoSchedulerService"
194-->[com.google.android.datatransport:transport-runtime:2.2.6] AndroidManifest.xml:27:13-117
195            android:exported="false"
195-->[com.google.android.datatransport:transport-runtime:2.2.6] AndroidManifest.xml:28:13-37
196            android:permission="android.permission.BIND_JOB_SERVICE" >
196-->[com.google.android.datatransport:transport-runtime:2.2.6] AndroidManifest.xml:29:13-69
197        </service>
198
199        <receiver
199-->[com.google.android.datatransport:transport-runtime:2.2.6] AndroidManifest.xml:32:9-34:40
200            android:name="com.google.android.datatransport.runtime.scheduling.jobscheduling.AlarmManagerSchedulerBroadcastReceiver"
200-->[com.google.android.datatransport:transport-runtime:2.2.6] AndroidManifest.xml:33:13-132
201            android:exported="false" />
201-->[com.google.android.datatransport:transport-runtime:2.2.6] AndroidManifest.xml:34:13-37
202    </application>
203
204</manifest>